<?xml version="1.0" encoding="UTF-8"?>
<testng-results skipped="1" failed="1" total="2" passed="0">
  <reporter-output>
  </reporter-output>
  <suite name="Pruebas generales" duration-ms="0" started-at="2018-02-26T18:38:36Z" finished-at="2018-02-26T18:38:36Z">
    <groups>
    </groups>
  </suite> <!-- Pruebas generales -->
  <suite name="PruebaInicio" duration-ms="61401" started-at="2018-02-26T18:37:35Z" finished-at="2018-02-26T18:38:36Z">
    <groups>
    </groups>
    <test name="Nexus 7 - GMALV" duration-ms="4678" started-at="2018-02-26T18:37:35Z" finished-at="2018-02-26T18:37:39Z">
      <class name="ProyectoMovil.Automatizacion.Ejecutar.Pruebas.EjecucionInicioPrueba">
        <test-method status="FAIL" signature="setup(java.lang.String, java.lang.String)[pri:0, instance:ProyectoMovil.Automatizacion.Ejecutar.Pruebas.EjecucionInicioPrueba@5a13fcf3]" name="setup" is-config="true" duration-ms="0" started-at="2018-02-26T12:37:35Z" finished-at="2018-02-26T12:37:35Z">
          <params>
            <param index="0">
              <value>
                <![CDATA[05b6d672]]>
              </value>
            </param>
            <param index="1">
              <value is-null="true"/>
            </param>
          </params>
          <exception class="java.lang.NullPointerException">
            <full-stacktrace>
              <![CDATA[java.lang.NullPointerException
	at ProyectoMovil.Automatizacion.Utilitario.AbstractTest.setup(AbstractTest.java:151)
	at sun.reflect.NativeMethodAccessorImpl.invoke0(Native Method)
	at sun.reflect.NativeMethodAccessorImpl.invoke(NativeMethodAccessorImpl.java:62)
	at sun.reflect.DelegatingMethodAccessorImpl.invoke(DelegatingMethodAccessorImpl.java:43)
	at java.lang.reflect.Method.invoke(Method.java:498)
	at org.testng.internal.MethodInvocationHelper.invokeMethod(MethodInvocationHelper.java:85)
	at org.testng.internal.Invoker.invokeConfigurationMethod(Invoker.java:510)
	at org.testng.internal.Invoker.invokeConfigurations(Invoker.java:211)
	at org.testng.internal.Invoker.invokeConfigurations(Invoker.java:138)
	at org.testng.internal.TestMethodWorker.invokeBeforeClassMethods(TestMethodWorker.java:170)
	at org.testng.internal.TestMethodWorker.run(TestMethodWorker.java:104)
	at org.testng.TestRunner.privateRun(TestRunner.java:774)
	at org.testng.TestRunner.run(TestRunner.java:624)
	at org.testng.SuiteRunner.runTest(SuiteRunner.java:359)
	at org.testng.SuiteRunner.access$000(SuiteRunner.java:39)
	at org.testng.SuiteRunner$SuiteWorker.run(SuiteRunner.java:393)
	at org.testng.internal.thread.ThreadUtil$2.call(ThreadUtil.java:64)
	at java.util.concurrent.FutureTask.run(FutureTask.java:266)
	at java.util.concurrent.ThreadPoolExecutor.runWorker(ThreadPoolExecutor.java:1149)
	at java.util.concurrent.ThreadPoolExecutor$Worker.run(ThreadPoolExecutor.java:624)
	at java.lang.Thread.run(Thread.java:748)
]]>
            </full-stacktrace>
          </exception> <!-- java.lang.NullPointerException -->
          <reporter-output>
          </reporter-output>
        </test-method> <!-- setup -->
        <test-method status="SKIP" signature="EjecutarNavegacionGeneral()[pri:0, instance:ProyectoMovil.Automatizacion.Ejecutar.Pruebas.EjecucionInicioPrueba@5a13fcf3]" name="EjecutarNavegacionGeneral" duration-ms="3" started-at="2018-02-26T12:37:39Z" finished-at="2018-02-26T12:37:39Z">
          <reporter-output>
          </reporter-output>
        </test-method> <!-- EjecutarNavegacionGeneral -->
        <test-method status="SKIP" signature="setOut(java.lang.String, java.lang.String, java.lang.String, java.lang.String)[pri:0, instance:ProyectoMovil.Automatizacion.Ejecutar.Pruebas.EjecucionInicioPrueba@5a13fcf3]" name="setOut" is-config="true" duration-ms="0" started-at="2018-02-26T12:37:39Z" finished-at="2018-02-26T12:37:39Z">
          <reporter-output>
          </reporter-output>
        </test-method> <!-- setOut -->
      </class> <!-- ProyectoMovil.Automatizacion.Ejecutar.Pruebas.EjecucionInicioPrueba -->
    </test> <!-- Nexus 7 - GMALV -->
    <test name="IPHONE 5s - GMALV " duration-ms="61401" started-at="2018-02-26T18:37:35Z" finished-at="2018-02-26T18:38:36Z">
      <class name="ProyectoMovil.Automatizacion.Ejecutar.Pruebas.EjecucionInicioPrueba">
        <test-method status="PASS" signature="setup(java.lang.String, java.lang.String)[pri:0, instance:ProyectoMovil.Automatizacion.Ejecutar.Pruebas.EjecucionInicioPrueba@3913f206]" name="setup" is-config="true" duration-ms="25293" started-at="2018-02-26T12:37:35Z" finished-at="2018-02-26T12:38:00Z">
          <params>
            <param index="0">
              <value>
                <![CDATA[f941a0b97f75485f63956183966f51d1cdcacc7e]]>
              </value>
            </param>
            <param index="1">
              <value>
                <![CDATA[iPhone5s]]>
              </value>
            </param>
          </params>
          <reporter-output>
          </reporter-output>
        </test-method> <!-- setup -->
        <test-method status="FAIL" signature="EjecutarNavegacionGeneral()[pri:0, instance:ProyectoMovil.Automatizacion.Ejecutar.Pruebas.EjecucionInicioPrueba@3913f206]" name="EjecutarNavegacionGeneral" duration-ms="35785" started-at="2018-02-26T12:38:00Z" finished-at="2018-02-26T12:38:36Z">
          <exception class="java.lang.AssertionError">
            <message>
              <![CDATA[Error QA: No se ha logrado validar en presionarSalirNotificaciones.
Parte de los componentes del aplicativo no son accesibles.
Revise el estado el ambiente de certificacion.
Presionar Salir de notificaciones no se realiza de manera correcta, revise que no tenga algun componente sobre o tenga una nombre de variable diferente.]]>
            </message>
            <full-stacktrace>
              <![CDATA[java.lang.AssertionError: Error QA: No se ha logrado validar en presionarSalirNotificaciones.
Parte de los componentes del aplicativo no son accesibles.
Revise el estado el ambiente de certificacion.
Presionar Salir de notificaciones no se realiza de manera correcta, revise que no tenga algun componente sobre o tenga una nombre de variable diferente.
	at org.testng.Assert.fail(Assert.java:94)
	at ProyectoMovil.Automatizacion.Ejecutar.Pruebas.EjecucionInicioPrueba.presionarSalirNotificaciones(EjecucionInicioPrueba.java:153)
	at ProyectoMovil.Automatizacion.Ejecutar.Pruebas.EjecucionInicioPrueba.EjecutarNavegacionGeneral(EjecucionInicioPrueba.java:590)
	at sun.reflect.NativeMethodAccessorImpl.invoke0(Native Method)
	at sun.reflect.NativeMethodAccessorImpl.invoke(NativeMethodAccessorImpl.java:62)
	at sun.reflect.DelegatingMethodAccessorImpl.invoke(DelegatingMethodAccessorImpl.java:43)
	at java.lang.reflect.Method.invoke(Method.java:498)
	at org.testng.internal.MethodInvocationHelper.invokeMethod(MethodInvocationHelper.java:85)
	at org.testng.internal.Invoker.invokeMethod(Invoker.java:639)
	at org.testng.internal.Invoker.invokeTestMethod(Invoker.java:816)
	at org.testng.internal.Invoker.invokeTestMethods(Invoker.java:1124)
	at org.testng.internal.TestMethodWorker.invokeTestMethods(TestMethodWorker.java:125)
	at org.testng.internal.TestMethodWorker.run(TestMethodWorker.java:108)
	at org.testng.TestRunner.privateRun(TestRunner.java:774)
	at org.testng.TestRunner.run(TestRunner.java:624)
	at org.testng.SuiteRunner.runTest(SuiteRunner.java:359)
	at org.testng.SuiteRunner.access$000(SuiteRunner.java:39)
	at org.testng.SuiteRunner$SuiteWorker.run(SuiteRunner.java:393)
	at org.testng.internal.thread.ThreadUtil$2.call(ThreadUtil.java:64)
	at java.util.concurrent.FutureTask.run(FutureTask.java:266)
	at java.util.concurrent.ThreadPoolExecutor.runWorker(ThreadPoolExecutor.java:1149)
	at java.util.concurrent.ThreadPoolExecutor$Worker.run(ThreadPoolExecutor.java:624)
	at java.lang.Thread.run(Thread.java:748)
]]>
            </full-stacktrace>
          </exception> <!-- java.lang.AssertionError -->
          <reporter-output>
          </reporter-output>
        </test-method> <!-- EjecutarNavegacionGeneral -->
        <test-method status="PASS" signature="setOut(java.lang.String, java.lang.String, java.lang.String, java.lang.String)[pri:0, instance:ProyectoMovil.Automatizacion.Ejecutar.Pruebas.EjecucionInicioPrueba@3913f206]" name="setOut" is-config="true" duration-ms="276" started-at="2018-02-26T12:38:36Z" finished-at="2018-02-26T12:38:36Z">
          <params>
            <param index="0">
              <value>
                <![CDATA[f941a0b97f75485f63956183966f51d1cdcacc7e]]>
              </value>
            </param>
            <param index="1">
              <value>
                <![CDATA[iPhone6,2]]>
              </value>
            </param>
            <param index="2">
              <value>
                <![CDATA[548]]>
              </value>
            </param>
            <param index="3">
              <value>
                <![CDATA[false]]>
              </value>
            </param>
          </params>
          <reporter-output>
          </reporter-output>
        </test-method> <!-- setOut -->
      </class> <!-- ProyectoMovil.Automatizacion.Ejecutar.Pruebas.EjecucionInicioPrueba -->
    </test> <!-- IPHONE 5s - GMALV  -->
  </suite> <!-- PruebaInicio -->
</testng-results>
