<?xml version="1.0" encoding="UTF-8"?>
<testsuite xmlns:xsi="http://www.w3.org/2001/XMLSchema-instance" xsi:schemaLocation="https://maven.apache.org/surefire/maven-surefire-plugin/xsd/surefire-test-report.xsd" name="TestSuite" time="62.205" tests="4" errors="0" skipped="2" failures="2">
  <properties>
    <property name="java.runtime.name" value="Java(TM) SE Runtime Environment"/>
    <property name="sun.boot.library.path" value="/Library/Java/JavaVirtualMachines/jdk1.8.0_151.jdk/Contents/Home/jre/lib"/>
    <property name="java.vm.version" value="25.151-b12"/>
    <property name="user.country.format" value="CR"/>
    <property name="gopherProxySet" value="false"/>
    <property name="java.vm.vendor" value="Oracle Corporation"/>
    <property name="maven.multiModuleProjectDirectory" value="/Users/moviltest/practicas/Automatizacion"/>
    <property name="java.vendor.url" value="http://java.oracle.com/"/>
    <property name="path.separator" value=":"/>
    <property name="guice.disable.misplaced.annotation.check" value="true"/>
    <property name="java.vm.name" value="Java HotSpot(TM) 64-Bit Server VM"/>
    <property name="file.encoding.pkg" value="sun.io"/>
    <property name="user.country" value="ES"/>
    <property name="sun.java.launcher" value="SUN_STANDARD"/>
    <property name="sun.os.patch.level" value="unknown"/>
    <property name="java.vm.specification.name" value="Java Virtual Machine Specification"/>
    <property name="user.dir" value="/Users/moviltest/practicas/Automatizacion"/>
    <property name="java.runtime.version" value="1.8.0_151-b12"/>
    <property name="java.awt.graphicsenv" value="sun.awt.CGraphicsEnvironment"/>
    <property name="java.endorsed.dirs" value="/Library/Java/JavaVirtualMachines/jdk1.8.0_151.jdk/Contents/Home/jre/lib/endorsed"/>
    <property name="os.arch" value="x86_64"/>
    <property name="java.io.tmpdir" value="/var/folders/r3/m1ltbs_57_9d1whs82mgjyxh0000gn/T/"/>
    <property name="line.separator" value="&#10;"/>
    <property name="java.vm.specification.vendor" value="Oracle Corporation"/>
    <property name="os.name" value="Mac OS X"/>
    <property name="classworlds.conf" value="/Users/moviltest/Documents/Developer/mvn/bin/m2.conf"/>
    <property name="sun.jnu.encoding" value="UTF-8"/>
    <property name="java.library.path" value="/Users/moviltest/Library/Java/Extensions:/Library/Java/Extensions:/Network/Library/Java/Extensions:/System/Library/Java/Extensions:/usr/lib/java:."/>
    <property name="maven.conf" value="/Users/moviltest/Documents/Developer/mvn/conf"/>
    <property name="java.specification.name" value="Java Platform API Specification"/>
    <property name="java.class.version" value="52.0"/>
    <property name="sun.management.compiler" value="HotSpot 64-Bit Tiered Compilers"/>
    <property name="os.version" value="10.13.3"/>
    <property name="library.jansi.path" value="/Users/moviltest/Documents/Developer/mvn/lib/jansi-native"/>
    <property name="http.nonProxyHosts" value="local|*.local|169.254/16|*.169.254/16"/>
    <property name="user.home" value="/Users/moviltest"/>
    <property name="user.timezone" value="America/Costa_Rica"/>
    <property name="java.awt.printerjob" value="sun.lwawt.macosx.CPrinterJob"/>
    <property name="java.specification.version" value="1.8"/>
    <property name="file.encoding" value="UTF-8"/>
    <property name="user.name" value="moviltest"/>
    <property name="java.class.path" value="/Users/moviltest/Documents/Developer/mvn/boot/plexus-classworlds-2.5.2.jar"/>
    <property name="java.vm.specification.version" value="1.8"/>
    <property name="sun.arch.data.model" value="64"/>
    <property name="java.home" value="/Library/Java/JavaVirtualMachines/jdk1.8.0_151.jdk/Contents/Home/jre"/>
    <property name="sun.java.command" value="org.codehaus.plexus.classworlds.launcher.Launcher test"/>
    <property name="java.specification.vendor" value="Oracle Corporation"/>
    <property name="user.language" value="es"/>
    <property name="awt.toolkit" value="sun.lwawt.macosx.LWCToolkit"/>
    <property name="java.vm.info" value="mixed mode"/>
    <property name="java.version" value="1.8.0_151"/>
    <property name="java.ext.dirs" value="/Users/moviltest/Library/Java/Extensions:/Library/Java/JavaVirtualMachines/jdk1.8.0_151.jdk/Contents/Home/jre/lib/ext:/Library/Java/Extensions:/Network/Library/Java/Extensions:/System/Library/Java/Extensions:/usr/lib/java"/>
    <property name="sun.boot.class.path" value="/Library/Java/JavaVirtualMachines/jdk1.8.0_151.jdk/Contents/Home/jre/lib/resources.jar:/Library/Java/JavaVirtualMachines/jdk1.8.0_151.jdk/Contents/Home/jre/lib/rt.jar:/Library/Java/JavaVirtualMachines/jdk1.8.0_151.jdk/Contents/Home/jre/lib/sunrsasign.jar:/Library/Java/JavaVirtualMachines/jdk1.8.0_151.jdk/Contents/Home/jre/lib/jsse.jar:/Library/Java/JavaVirtualMachines/jdk1.8.0_151.jdk/Contents/Home/jre/lib/jce.jar:/Library/Java/JavaVirtualMachines/jdk1.8.0_151.jdk/Contents/Home/jre/lib/charsets.jar:/Library/Java/JavaVirtualMachines/jdk1.8.0_151.jdk/Contents/Home/jre/lib/jfr.jar:/Library/Java/JavaVirtualMachines/jdk1.8.0_151.jdk/Contents/Home/jre/classes"/>
    <property name="java.vendor" value="Oracle Corporation"/>
    <property name="maven.home" value="/Users/moviltest/Documents/Developer/mvn"/>
    <property name="file.separator" value="/"/>
    <property name="java.vendor.url.bug" value="http://bugreport.sun.com/bugreport/"/>
    <property name="sun.cpu.endian" value="little"/>
    <property name="sun.io.unicode.encoding" value="UnicodeBig"/>
    <property name="socksNonProxyHosts" value="local|*.local|169.254/16|*.169.254/16"/>
    <property name="ftp.nonProxyHosts" value="local|*.local|169.254/16|*.169.254/16"/>
    <property name="sun.cpu.isalist" value=""/>
  </properties>
  <testcase name="setup" classname="ProyectoMovil.Automatizacion.Ejecutar.Pruebas.EjecucionInicioPrueba" time="5.335">
    <failure type="java.lang.NullPointerException">java.lang.NullPointerException
</failure>
    <system-out><![CDATA[CAP CAP CAPCapabilities [{appPackage=fi.cr.gmalv.mutualmovil.activities, appActivity=.MenuActivity, browserName=ANDROID, platformName=ANDROID, udid=05b6d672, deviceName=05b6d672}]
]]></system-out>
    <system-err><![CDATA[log4j:ERROR Could not find value for key log4j.appender.error
log4j:ERROR Could not instantiate appender named "error".
log4j:ERROR Could not find value for key log4j.appender.warn
log4j:ERROR Could not instantiate appender named "warn".
org.openqa.selenium.WebDriverException: An unknown server-side error occurred while processing the command. Original error: Could not find package fi.cr.gmalv.mutualmovil.activities on the device (WARNING: The server did not provide any stacktrace information)
Command duration or timeout: 3.90 seconds
Build info: version: '2.53.0', revision: '35ae25b1534ae328c771e0856c93e187490ca824', time: '2016-03-15 10:43:46'
System info: host: 'OCTI107.local', ip: '10.10.1.143', os.name: 'Mac OS X', os.arch: 'x86_64', os.version: '10.13.3', java.version: '1.8.0_151'
Driver info: io.appium.java_client.android.AndroidDriver
	at sun.reflect.NativeConstructorAccessorImpl.newInstance0(Native Method)
	at sun.reflect.NativeConstructorAccessorImpl.newInstance(NativeConstructorAccessorImpl.java:62)
	at sun.reflect.DelegatingConstructorAccessorImpl.newInstance(DelegatingConstructorAccessorImpl.java:45)
	at java.lang.reflect.Constructor.newInstance(Constructor.java:423)
	at org.openqa.selenium.remote.ErrorHandler.createThrowable(ErrorHandler.java:206)
	at org.openqa.selenium.remote.ErrorHandler.throwIfResponseFailed(ErrorHandler.java:158)
	at org.openqa.selenium.remote.RemoteWebDriver.execute(RemoteWebDriver.java:678)
	at io.appium.java_client.DefaultGenericMobileDriver.execute(DefaultGenericMobileDriver.java:42)
	at io.appium.java_client.AppiumDriver.execute(AppiumDriver.java:1)
	at io.appium.java_client.android.AndroidDriver.execute(AndroidDriver.java:1)
	at org.openqa.selenium.remote.RemoteWebDriver.startSession(RemoteWebDriver.java:249)
	at org.openqa.selenium.remote.RemoteWebDriver.<init>(RemoteWebDriver.java:131)
	at org.openqa.selenium.remote.RemoteWebDriver.<init>(RemoteWebDriver.java:144)
	at io.appium.java_client.DefaultGenericMobileDriver.<init>(DefaultGenericMobileDriver.java:37)
	at io.appium.java_client.AppiumDriver.<init>(AppiumDriver.java:161)
	at io.appium.java_client.AppiumDriver.<init>(AppiumDriver.java:170)
	at io.appium.java_client.android.AndroidDriver.<init>(AndroidDriver.java:82)
	at ProyectoMovil.Automatizacion.Utilitario.AbstractTest.setup(AbstractTest.java:132)
	at sun.reflect.NativeMethodAccessorImpl.invoke0(Native Method)
	at sun.reflect.NativeMethodAccessorImpl.invoke(NativeMethodAccessorImpl.java:62)
	at sun.reflect.DelegatingMethodAccessorImpl.invoke(DelegatingMethodAccessorImpl.java:43)
	at java.lang.reflect.Method.invoke(Method.java:498)
	at org.testng.internal.MethodInvocationHelper.invokeMethod(MethodInvocationHelper.java:85)
	at org.testng.internal.Invoker.invokeConfigurationMethod(Invoker.java:510)
	at org.testng.internal.Invoker.invokeConfigurations(Invoker.java:211)
	at org.testng.internal.Invoker.invokeConfigurations(Invoker.java:138)
	at org.testng.internal.TestMethodWorker.invokeBeforeClassMethods(TestMethodWorker.java:170)
	at org.testng.internal.TestMethodWorker.run(TestMethodWorker.java:104)
	at org.testng.TestRunner.privateRun(TestRunner.java:774)
	at org.testng.TestRunner.run(TestRunner.java:624)
	at org.testng.SuiteRunner.runTest(SuiteRunner.java:359)
	at org.testng.SuiteRunner.access$000(SuiteRunner.java:39)
	at org.testng.SuiteRunner$SuiteWorker.run(SuiteRunner.java:393)
	at org.testng.internal.thread.ThreadUtil$2.call(ThreadUtil.java:64)
	at java.util.concurrent.FutureTask.run(FutureTask.java:266)
	at java.util.concurrent.ThreadPoolExecutor.runWorker(ThreadPoolExecutor.java:1149)
	at java.util.concurrent.ThreadPoolExecutor$Worker.run(ThreadPoolExecutor.java:624)
	at java.lang.Thread.run(Thread.java:748)
]]></system-err>
  </testcase>
  <testcase name="EjecutarNavegacionGeneral" classname="ProyectoMovil.Automatizacion.Ejecutar.Pruebas.EjecucionInicioPrueba" time="0">
    <skipped/>
  </testcase>
  <testcase name="EjecutarNavegacionGeneral" classname="ProyectoMovil.Automatizacion.Ejecutar.Pruebas.EjecucionInicioPrueba" time="35.784">
    <failure message="Error QA: No se ha logrado validar en presionarSalirNotificaciones.&#10;Parte de los componentes del aplicativo no son accesibles.&#10;Revise el estado el ambiente de certificacion.&#10;Presionar Salir de notificaciones no se realiza de manera correcta, revise que no tenga algun componente sobre o tenga una nombre de variable diferente." type="java.lang.AssertionError">java.lang.AssertionError: 
Error QA: No se ha logrado validar en presionarSalirNotificaciones.
Parte de los componentes del aplicativo no son accesibles.
Revise el estado el ambiente de certificacion.
Presionar Salir de notificaciones no se realiza de manera correcta, revise que no tenga algun componente sobre o tenga una nombre de variable diferente.
	at ProyectoMovil.Automatizacion.Ejecutar.Pruebas.EjecucionInicioPrueba.presionarSalirNotificaciones(EjecucionInicioPrueba.java:153)
	at ProyectoMovil.Automatizacion.Ejecutar.Pruebas.EjecucionInicioPrueba.EjecutarNavegacionGeneral(EjecucionInicioPrueba.java:590)
</failure>
    <system-out><![CDATA[
DEVICE: iPhone5s f941a0b97f75485f63956183966f51d1cdcacc7e session: 03be3789-9a71-436b-8f9d-ce9697c4f480

2018-02-26 12:38:00:0000 - [INFO ] - ProyectoMovil.Automatizacion.Utilitario.AbstractTest: 
----------------------------------------------------------------------

2018-02-26 12:38:00:0000 - [INFO ] - ProyectoMovil.Automatizacion.Utilitario.AbstractTest: -----f941a0b97f75485f63956183966f51d1cdcacc7e---- Error en Error _BEFORE_N1

2018-02-26 12:38:00:0000 - [ERROR] - ProyectoMovil.Automatizacion.Utilitario.AbstractTest: N1: Se inicia el corrido SIN AUTORIZACION del STF AUTORIZACION-03be3789-9a71-436b-8f9d-ce9697c4f480 Settings: {"useJSONSource":false,"nativeWebTap":false}
2018-02-26 12:38:02:0002 - [INFO ] - ProyectoMovil.Automatizacion.Componentes.Pruebas.AccionesUniversales: 
----------------------------------------------------------------------

2018-02-26 12:38:02:0002 - [INFO ] - ProyectoMovil.Automatizacion.Componentes.Pruebas.AccionesUniversales: LA ORIENTACION ES: PORTRAIT
2018-02-26 12:38:17:0017 - [INFO ] - ProyectoMovil.Automatizacion.Utilitario.HiloTiempo: 
----------------------------------------------------------------------

2018-02-26 12:38:17:0017 - [INFO ] - ProyectoMovil.Automatizacion.Utilitario.HiloTiempo: -----f941a0b97f75485f63956183966f51d1cdcacc7e---- HiloTiempo -----

2018-02-26 12:38:17:0017 - [ERROR] - ProyectoMovil.Automatizacion.Utilitario.HiloTiempo: NE1: java.lang.InterruptedException: sleep interrupted
2018-02-26 12:38:36:0036 - [INFO ] - ProyectoMovil.Automatizacion.Componentes.Pruebas.InicioPruebas: 
----------------------------------------------------------------------

2018-02-26 12:38:36:0036 - [INFO ] - ProyectoMovil.Automatizacion.Componentes.Pruebas.InicioPruebas: -----f941a0b97f75485f63956183966f51d1cdcacc7e---- Error en presionarSalirNotificaciones

2018-02-26 12:38:36:0036 - [ERROR] - ProyectoMovil.Automatizacion.Componentes.Pruebas.InicioPruebas: NE5: org.openqa.selenium.NoSuchElementException: Can't locate an element by this strategy: Locator map: 
- native content: "By.id: v1.5.12.2" 
- html content: "by id or name "salirNotificaciones""
For documentation on this error, please visit: http://seleniumhq.org/exceptions/no_such_element.html
Build info: version: '2.53.0', revision: '35ae25b1534ae328c771e0856c93e187490ca824', time: '2016-03-15 10:43:46'
System info: host: 'OCTI107.local', ip: '10.10.1.143', os.name: 'Mac OS X', os.arch: 'x86_64', os.version: '10.13.3', java.version: '1.8.0_151'
Driver info: driver.version: unknown
]]></system-out>
    <system-err><![CDATA[java.lang.InterruptedException: sleep interrupted
	at java.lang.Thread.sleep(Native Method)
	at java.lang.Thread.sleep(Thread.java:340)
	at java.util.concurrent.TimeUnit.sleep(TimeUnit.java:386)
	at ProyectoMovil.Automatizacion.Utilitario.HiloTiempo.run(HiloTiempo.java:32)
]]></system-err>
  </testcase>
  <testcase name="setOut" classname="ProyectoMovil.Automatizacion.Ejecutar.Pruebas.EjecucionInicioPrueba" time="0">
    <skipped/>
  </testcase>
</testsuite>